<?xml version="1.0" encoding="UTF-8"?>
<testng-results skipped="0" failed="0" ignored="0" total="1" passed="1">
  <reporter-output>
  </reporter-output>
  <suite name="Suite" duration-ms="77" started-at="2020-02-23T17:21:48 IST" finished-at="2020-02-23T17:21:48 IST">
    <groups>
    </groups>
    <test name="Test" duration-ms="77" started-at="2020-02-23T17:21:48 IST" finished-at="2020-02-23T17:21:48 IST">
      <class name="sample.sample.ExecutionClass">
        <test-method status="PASS" signature="beforetest()[pri:0, instance:sample.sample.ExecutionClass@370736d9]" name="beforetest" is-config="true" duration-ms="15" started-at="2020-02-23T17:21:48 IST" finished-at="2020-02-23T17:21:48 IST">
          <reporter-output>
          </reporter-output>
        </test-method> <!-- beforetest -->
        <test-method status="PASS" signature="login()[pri:0, instance:sample.sample.ExecutionClass@370736d9]" name="login" duration-ms="0" started-at="2020-02-23T17:21:48 IST" finished-at="2020-02-23T17:21:48 IST">
          <reporter-output>
          </reporter-output>
        </test-method> <!-- login -->
        <test-method status="PASS" signature="aftermethod()[pri:0, instance:sample.sample.ExecutionClass@370736d9]" name="aftermethod" is-config="true" duration-ms="0" started-at="2020-02-23T17:21:48 IST" finished-at="2020-02-23T17:21:48 IST">
          <reporter-output>
          </reporter-output>
        </test-method> <!-- aftermethod -->
        <test-method status="PASS" signature="beforemethod()[pri:0, instance:sample.sample.ExecutionClass@370736d9]" name="beforemethod" is-config="true" duration-ms="0" started-at="2020-02-23T17:21:48 IST" finished-at="2020-02-23T17:21:48 IST">
          <reporter-output>
          </reporter-output>
        </test-method> <!-- beforemethod -->
        <test-method status="PASS" signature="aftertest()[pri:0, instance:sample.sample.ExecutionClass@370736d9]" name="aftertest" is-config="true" duration-ms="0" started-at="2020-02-23T17:21:48 IST" finished-at="2020-02-23T17:21:48 IST">
          <reporter-output>
          </reporter-output>
        </test-method> <!-- aftertest -->
      </class> <!-- sample.sample.ExecutionClass -->
    </test> <!-- Test -->
  </suite> <!-- Suite -->
</testng-results>
